<object-stream>
<org.drools.core.audit.WorkingMemoryLog>
  <version>6.1</version>
  <events>
    <org.drools.core.audit.event.ObjectLogEvent>
      <type>1</type>
      <factId>1</factId>
      <objectToString>org.redhat.ba.Greeting@3de69724</objectToString>
    </org.drools.core.audit.event.ObjectLogEvent>
    <org.drools.core.audit.event.ActivationLogEvent>
      <type>4</type>
      <activationId>NoGreeting [1]</activationId>
      <rule>NoGreeting</rule>
      <declarations>greeting=org.redhat.ba.Greeting@3de69724(1)</declarations>
      <factHandleIds>1</factHandleIds>
    </org.drools.core.audit.event.ActivationLogEvent>
    <org.drools.core.audit.event.ActivationLogEvent>
      <type>6</type>
      <activationId>NoGreeting [1]</activationId>
      <rule>NoGreeting</rule>
      <declarations>greeting=org.redhat.ba.Greeting@3de69724(1)</declarations>
      <factHandleIds>1</factHandleIds>
    </org.drools.core.audit.event.ActivationLogEvent>
    <org.drools.core.audit.event.ObjectLogEvent>
      <type>2</type>
      <factId>1</factId>
      <objectToString>org.redhat.ba.Greeting@3de69724</objectToString>
    </org.drools.core.audit.event.ObjectLogEvent>
    <org.drools.core.audit.event.ActivationLogEvent>
      <type>7</type>
      <activationId>NoGreeting [1]</activationId>
      <rule>NoGreeting</rule>
      <declarations>greeting=org.redhat.ba.Greeting@3de69724(1)</declarations>
      <factHandleIds>1</factHandleIds>
    </org.drools.core.audit.event.ActivationLogEvent>
    <org.drools.core.audit.event.ObjectLogEvent>
      <type>3</type>
      <factId>1</factId>
      <objectToString>org.redhat.ba.Greeting@3de69724</objectToString>
    </org.drools.core.audit.event.ObjectLogEvent>
  </events>
  <engine>PHREAK</engine>
</org.drools.core.audit.WorkingMemoryLog>
</object-stream>
